0 info it worked if it ends with ok
1 verbose cli [ '/usr/local/bin/node',
1 verbose cli   '/usr/local/bin/npm',
1 verbose cli   'install',
1 verbose cli   'sass-loader',
1 verbose cli   '--save' ]
2 info using npm@2.14.2
3 info using node@v4.0.0
4 verbose install initial load of /Users/huntbao/phosphorus/package.json
5 warn package.json Phosphorus@1.0.0 No repository field.
6 warn package.json Phosphorus@1.0.0 license should be a valid SPDX license expression
7 verbose installManyTop reading scoped package data from /Users/huntbao/phosphorus/node_modules/babel-core/package.json
8 verbose installManyTop reading scoped package data from /Users/huntbao/phosphorus/node_modules/babel-loader/package.json
9 verbose installManyTop reading scoped package data from /Users/huntbao/phosphorus/node_modules/brace/package.json
10 verbose installManyTop reading scoped package data from /Users/huntbao/phosphorus/node_modules/classnames/package.json
11 verbose installManyTop reading scoped package data from /Users/huntbao/phosphorus/node_modules/css-loader/package.json
12 verbose installManyTop reading scoped package data from /Users/huntbao/phosphorus/node_modules/flux/package.json
13 verbose installManyTop reading scoped package data from /Users/huntbao/phosphorus/node_modules/http-server/package.json
14 verbose installManyTop reading scoped package data from /Users/huntbao/phosphorus/node_modules/icono/package.json
15 verbose installManyTop reading scoped package data from /Users/huntbao/phosphorus/node_modules/keymirror/package.json
16 verbose installManyTop reading scoped package data from /Users/huntbao/phosphorus/node_modules/less/package.json
17 verbose installManyTop reading scoped package data from /Users/huntbao/phosphorus/node_modules/less-loader/package.json
18 verbose installManyTop reading scoped package data from /Users/huntbao/phosphorus/node_modules/lodash/package.json
19 verbose installManyTop reading scoped package data from /Users/huntbao/phosphorus/node_modules/node-sass/package.json
20 verbose installManyTop reading scoped package data from /Users/huntbao/phosphorus/node_modules/react/package.json
21 verbose installManyTop reading scoped package data from /Users/huntbao/phosphorus/node_modules/react-dom/package.json
22 verbose installManyTop reading scoped package data from /Users/huntbao/phosphorus/node_modules/sass-loader/package.json
23 verbose installManyTop reading scoped package data from /Users/huntbao/phosphorus/node_modules/style-loader/package.json
24 verbose installManyTop reading scoped package data from /Users/huntbao/phosphorus/node_modules/stylus-loader/package.json
25 verbose installManyTop reading scoped package data from /Users/huntbao/phosphorus/node_modules/webpack/package.json
26 verbose installManyTop reading scoped package data from /Users/huntbao/phosphorus/node_modules/webpack-dev-server/package.json
27 info package.json babel-core@5.8.29 No README data
28 info package.json http-server@0.7.5 No license field.
29 info package.json keymirror@0.1.1 No license field.
30 info package.json less-loader@2.2.1 No license field.
31 info package.json react@0.11.2 No license field.
32 info package.json webpack@1.4.15 No license field.
33 info package.json webpack-dev-server@1.6.6 No license field.
34 verbose readDependencies loading dependencies from /Users/huntbao/phosphorus/package.json
35 verbose install sass-loader is installed as 3.1.1
36 silly cache add args [ 'sass-loader', null ]
37 verbose cache add spec sass-loader
38 silly cache add parsed spec Result {
38 silly cache add   raw: 'sass-loader',
38 silly cache add   scope: null,
38 silly cache add   name: 'sass-loader',
38 silly cache add   rawSpec: '',
38 silly cache add   spec: '*',
38 silly cache add   type: 'range' }
39 silly addNamed sass-loader@*
40 verbose addNamed "*" is a valid semver range for sass-loader
41 silly addNameRange { name: 'sass-loader', range: '*', hasData: false }
42 silly mapToRegistry name sass-loader
43 silly mapToRegistry using default registry
44 silly mapToRegistry registry https://registry.npmjs.org/
45 silly mapToRegistry uri https://registry.npmjs.org/sass-loader
46 verbose addNameRange registry:https://registry.npmjs.org/sass-loader not in flight; fetching
47 verbose request uri https://registry.npmjs.org/sass-loader
48 verbose request no auth needed
49 info attempt registry request try #1 at 4:33:58 PM
50 verbose request id a53ac1fa1d3d5d93
51 verbose etag "73DN655XFPKN65JOZVGWJNZ2B"
52 http request GET https://registry.npmjs.org/sass-loader
53 http 304 https://registry.npmjs.org/sass-loader
54 silly get cb [ 304,
54 silly get   { date: 'Sun, 01 Nov 2015 08:33:59 GMT',
54 silly get     via: '1.1 varnish',
54 silly get     'cache-control': 'max-age=60',
54 silly get     etag: '"73DN655XFPKN65JOZVGWJNZ2B"',
54 silly get     age: '0',
54 silly get     connection: 'keep-alive',
54 silly get     'x-served-by': 'cache-itm7420-ITM',
54 silly get     'x-cache': 'MISS',
54 silly get     'x-cache-hits': '0',
54 silly get     'x-timer': 'S1446366839.429561,VS0,VE601',
54 silly get     vary: 'Accept' } ]
55 verbose etag https://registry.npmjs.org/sass-loader from cache
56 verbose get saving sass-loader to /Users/huntbao/.npm/registry.npmjs.org/sass-loader/.cache.json
57 silly addNameRange number 2 { name: 'sass-loader', range: '*', hasData: true }
58 silly addNameRange versions [ 'sass-loader',
58 silly addNameRange   [ '0.0.1',
58 silly addNameRange     '0.0.2',
58 silly addNameRange     '0.1.0',
58 silly addNameRange     '0.1.1',
58 silly addNameRange     '0.2.0',
58 silly addNameRange     '0.3.0',
58 silly addNameRange     '0.3.1',
58 silly addNameRange     '0.4.0-beta.1',
58 silly addNameRange     '0.4.0',
58 silly addNameRange     '0.4.1',
58 silly addNameRange     '0.4.2',
58 silly addNameRange     '0.5.0',
58 silly addNameRange     '1.0.0',
58 silly addNameRange     '1.0.1',
58 silly addNameRange     '0.6.0',
58 silly addNameRange     '1.0.2',
58 silly addNameRange     '1.0.3',
58 silly addNameRange     '1.0.4',
58 silly addNameRange     '2.0.0',
58 silly addNameRange     '2.0.1',
58 silly addNameRange     '3.0.0',
58 silly addNameRange     '3.1.0',
58 silly addNameRange     '3.1.1' ] ]
59 silly addNamed sass-loader@3.1.1
60 verbose addNamed "3.1.1" is a plain semver version for sass-loader
61 silly cache afterAdd sass-loader@3.1.1
62 verbose afterAdd /Users/huntbao/.npm/sass-loader/3.1.1/package/package.json not in flight; writing
63 verbose afterAdd /Users/huntbao/.npm/sass-loader/3.1.1/package/package.json written
64 silly install resolved [ { name: 'sass-loader',
64 silly install resolved     version: '3.1.1',
64 silly install resolved     description: 'Sass loader for webpack',
64 silly install resolved     main: 'index.js',
64 silly install resolved     scripts:
64 silly install resolved      { 'create-spec': 'node test/tools/runCreateSpec.js',
64 silly install resolved        pretest: 'node test/tools/runCreateSpec.js',
64 silly install resolved        test: 'mocha -R spec',
64 silly install resolved        posttest: 'jshint index.js test',
64 silly install resolved        'test-bootstrap-sass': 'webpack-dev-server --config test/bootstrapSass/webpack.config.js --content-base ./test/bootstrapSass',
64 silly install resolved        'test-source-map': 'webpack-dev-server --config test/sourceMap/webpack.config.js --content-base ./test/sourceMap',
64 silly install resolved        'test-watch': 'webpack --config test/watch/webpack.config.js',
64 silly install resolved        'test-hmr': 'webpack-dev-server --config test/hmr/webpack.config.js --content-base ./test/hmr --hot --inline',
64 silly install resolved        'test-spec': 'mocha -R spec test/spec.test.js' },
64 silly install resolved     keywords: [ 'sass', 'libsass', 'webpack', 'loader' ],
64 silly install resolved     repository:
64 silly install resolved      { type: 'git',
64 silly install resolved        url: 'git://github.com/jtangelder/sass-loader.git' },
64 silly install resolved     author: { name: 'J. Tangelder' },
64 silly install resolved     license: 'MIT',
64 silly install resolved     peerDependencies: { 'node-sass': '^3.3.3', webpack: '^1.12.2' },
64 silly install resolved     dependencies:
64 silly install resolved      { async: '^1.4.0',
64 silly install resolved        'loader-utils': '^0.2.5',
64 silly install resolved        'object-assign': '^4.0.1' },
64 silly install resolved     devDependencies:
64 silly install resolved      { 'bootstrap-sass': '^3.3.5',
64 silly install resolved        'css-loader': '^0.19.0',
64 silly install resolved        'enhanced-require': '^0.5.0-beta6',
64 silly install resolved        'file-loader': '^0.8.4',
64 silly install resolved        jshint: '^2.8.0',
64 silly install resolved        mocha: '^2.0.1',
64 silly install resolved        'node-sass': '3.3.3',
64 silly install resolved        'raw-loader': '^0.5.1',
64 silly install resolved        should: '^7.0.2',
64 silly install resolved        'style-loader': '^0.12.3',
64 silly install resolved        webpack: '1.12.2',
64 silly install resolved        'webpack-dev-server': '^1.7.0' },
64 silly install resolved     gitHead: '57d6e728eeeb324b9079140c778abc10916f58a3',
64 silly install resolved     bugs: { url: 'https://github.com/jtangelder/sass-loader/issues' },
64 silly install resolved     homepage: 'https://github.com/jtangelder/sass-loader#readme',
64 silly install resolved     _id: 'sass-loader@3.1.1',
64 silly install resolved     _shasum: '99dbc2885c79614fc2d11be039af0c380af86216',
64 silly install resolved     _from: 'sass-loader@*',
64 silly install resolved     _npmVersion: '2.14.7',
64 silly install resolved     _nodeVersion: '4.2.1',
64 silly install resolved     _npmUser: { name: 'peerigon', email: 'developers@peerigon.com' },
64 silly install resolved     maintainers: [ [Object], [Object], [Object] ],
64 silly install resolved     dist:
64 silly install resolved      { shasum: '99dbc2885c79614fc2d11be039af0c380af86216',
64 silly install resolved        tarball: 'http://registry.npmjs.org/sass-loader/-/sass-loader-3.1.1.tgz' },
64 silly install resolved     directories: {},
64 silly install resolved     _resolved: 'https://registry.npmjs.org/sass-loader/-/sass-loader-3.1.1.tgz',
64 silly install resolved     readme: 'ERROR: No README data found!' } ]
65 info install sass-loader@3.1.1 into /Users/huntbao/phosphorus
66 info installOne sass-loader@3.1.1
67 verbose installOne of sass-loader to /Users/huntbao/phosphorus not in flight; installing
68 verbose lock using /Users/huntbao/.npm/_locks/sass-loader-7e25fd25550cbd7d.lock for /Users/huntbao/phosphorus/node_modules/sass-loader
69 silly install write writing sass-loader 3.1.1 to /Users/huntbao/phosphorus/node_modules/sass-loader
70 verbose unbuild node_modules/sass-loader
71 info preuninstall sass-loader@3.1.1
72 info uninstall sass-loader@3.1.1
73 verbose unbuild rmStuff sass-loader@3.1.1 from /Users/huntbao/phosphorus/node_modules
74 info postuninstall sass-loader@3.1.1
75 silly gentlyRm /Users/huntbao/phosphorus/node_modules/sass-loader is being purged from base /Users/huntbao/phosphorus
76 verbose gentlyRm don't care about contents; nuking /Users/huntbao/phosphorus/node_modules/sass-loader
77 silly vacuum-fs purging /Users/huntbao/phosphorus/node_modules/sass-loader
78 silly vacuum-fs quitting because other entries in /Users/huntbao/phosphorus/node_modules
79 verbose tar unpack /Users/huntbao/.npm/sass-loader/3.1.1/package.tgz
80 verbose tar unpacking to /Users/huntbao/phosphorus/node_modules/sass-loader
81 silly gentlyRm /Users/huntbao/phosphorus/node_modules/sass-loader is being purged
82 verbose gentlyRm don't care about contents; nuking /Users/huntbao/phosphorus/node_modules/sass-loader
83 silly gunzTarPerm modes [ '755', '644' ]
84 silly gunzTarPerm extractEntry package.json
85 silly gunzTarPerm extractEntry .npmignore
86 silly gunzTarPerm modified mode [ '.npmignore', 511, 493 ]
87 silly gunzTarPerm extractEntry README.md
88 silly gunzTarPerm extractEntry LICENSE
89 silly gunzTarPerm extractEntry index.js
90 silly gunzTarPerm extractEntry CHANGELOG.md
91 silly gunzTarPerm extractEntry .editorconfig
92 silly gunzTarPerm extractEntry .jshintignore
93 silly gunzTarPerm extractEntry .jshintrc
94 verbose write writing to /Users/huntbao/phosphorus/node_modules/sass-loader/package.json
95 info preinstall sass-loader@3.1.1
96 verbose readDependencies loading dependencies from /Users/huntbao/phosphorus/node_modules/sass-loader/package.json
97 silly prepareForInstallMany adding async@^1.4.0 from sass-loader dependencies
98 silly prepareForInstallMany adding loader-utils@^0.2.5 from sass-loader dependencies
99 silly prepareForInstallMany adding object-assign@^4.0.1 from sass-loader dependencies
100 silly prepareForInstallMany adding webpack@^1.12.2 from sass-loader peerDependencies
101 warn peerDependencies The peer dependency webpack@^1.12.2 included from sass-loader will no
102 warn peerDependencies longer be automatically installed to fulfill the peerDependency
103 warn peerDependencies in npm 3+. Your application will need to depend on it explicitly.
104 verbose readDependencies loading dependencies from /Users/huntbao/phosphorus/node_modules/sass-loader/package.json
105 silly cache add args [ 'async@^1.4.0', null ]
106 verbose cache add spec async@^1.4.0
107 silly cache add args [ 'loader-utils@^0.2.5', null ]
108 verbose cache add spec loader-utils@^0.2.5
109 silly cache add parsed spec Result {
109 silly cache add   raw: 'async@^1.4.0',
109 silly cache add   scope: null,
109 silly cache add   name: 'async',
109 silly cache add   rawSpec: '^1.4.0',
109 silly cache add   spec: '>=1.4.0 <2.0.0',
109 silly cache add   type: 'range' }
110 silly addNamed async@>=1.4.0 <2.0.0
111 verbose addNamed ">=1.4.0 <2.0.0" is a valid semver range for async
112 silly addNameRange { name: 'async', range: '>=1.4.0 <2.0.0', hasData: false }
113 silly mapToRegistry name async
114 silly mapToRegistry using default registry
115 silly mapToRegistry registry https://registry.npmjs.org/
116 silly mapToRegistry uri https://registry.npmjs.org/async
117 verbose addNameRange registry:https://registry.npmjs.org/async not in flight; fetching
118 silly cache add parsed spec Result {
118 silly cache add   raw: 'loader-utils@^0.2.5',
118 silly cache add   scope: null,
118 silly cache add   name: 'loader-utils',
118 silly cache add   rawSpec: '^0.2.5',
118 silly cache add   spec: '>=0.2.5 <0.3.0',
118 silly cache add   type: 'range' }
119 silly addNamed loader-utils@>=0.2.5 <0.3.0
120 verbose addNamed ">=0.2.5 <0.3.0" is a valid semver range for loader-utils
121 silly addNameRange { name: 'loader-utils', range: '>=0.2.5 <0.3.0', hasData: false }
122 silly mapToRegistry name loader-utils
123 silly mapToRegistry using default registry
124 silly mapToRegistry registry https://registry.npmjs.org/
125 silly mapToRegistry uri https://registry.npmjs.org/loader-utils
126 verbose addNameRange registry:https://registry.npmjs.org/loader-utils not in flight; fetching
127 silly cache add args [ 'object-assign@^4.0.1', null ]
128 verbose cache add spec object-assign@^4.0.1
129 silly cache add parsed spec Result {
129 silly cache add   raw: 'object-assign@^4.0.1',
129 silly cache add   scope: null,
129 silly cache add   name: 'object-assign',
129 silly cache add   rawSpec: '^4.0.1',
129 silly cache add   spec: '>=4.0.1 <5.0.0',
129 silly cache add   type: 'range' }
130 silly addNamed object-assign@>=4.0.1 <5.0.0
131 verbose addNamed ">=4.0.1 <5.0.0" is a valid semver range for object-assign
132 silly addNameRange { name: 'object-assign',
132 silly addNameRange   range: '>=4.0.1 <5.0.0',
132 silly addNameRange   hasData: false }
133 silly mapToRegistry name object-assign
134 silly mapToRegistry using default registry
135 silly mapToRegistry registry https://registry.npmjs.org/
136 silly mapToRegistry uri https://registry.npmjs.org/object-assign
137 verbose addNameRange registry:https://registry.npmjs.org/object-assign not in flight; fetching
138 verbose request uri https://registry.npmjs.org/loader-utils
139 verbose request no auth needed
140 info attempt registry request try #1 at 4:34:00 PM
141 verbose etag "64QL3E2CCZFAS89UNVBUKHOLH"
142 http request GET https://registry.npmjs.org/loader-utils
143 verbose request uri https://registry.npmjs.org/async
144 verbose request no auth needed
145 info attempt registry request try #1 at 4:34:00 PM
146 verbose etag "F3MWPQEIAM0UC9B1JODITH8OZ"
147 http request GET https://registry.npmjs.org/async
148 verbose request uri https://registry.npmjs.org/object-assign
149 verbose request no auth needed
150 info attempt registry request try #1 at 4:34:00 PM
151 verbose etag "637E3HK1HW04QPOIQATJZU8ID"
152 http request GET https://registry.npmjs.org/object-assign
153 http 304 https://registry.npmjs.org/async
154 silly get cb [ 304,
154 silly get   { date: 'Sun, 01 Nov 2015 08:34:00 GMT',
154 silly get     via: '1.1 varnish',
154 silly get     'cache-control': 'max-age=60',
154 silly get     etag: '"F3MWPQEIAM0UC9B1JODITH8OZ"',
154 silly get     age: '0',
154 silly get     connection: 'keep-alive',
154 silly get     'x-served-by': 'cache-itm7420-ITM',
154 silly get     'x-cache': 'HIT',
154 silly get     'x-cache-hits': '1',
154 silly get     'x-timer': 'S1446366840.406040,VS0,VE212',
154 silly get     vary: 'Accept' } ]
155 verbose etag https://registry.npmjs.org/async from cache
156 verbose get saving async to /Users/huntbao/.npm/registry.npmjs.org/async/.cache.json
157 silly addNameRange number 2 { name: 'async', range: '>=1.4.0 <2.0.0', hasData: true }
158 silly addNameRange versions [ 'async',
158 silly addNameRange   [ '0.1.0',
158 silly addNameRange     '0.1.1',
158 silly addNameRange     '0.1.2',
158 silly addNameRange     '0.1.3',
158 silly addNameRange     '0.1.4',
158 silly addNameRange     '0.1.5',
158 silly addNameRange     '0.1.6',
158 silly addNameRange     '0.1.7',
158 silly addNameRange     '0.1.8',
158 silly addNameRange     '0.1.9',
158 silly addNameRange     '0.1.10',
158 silly addNameRange     '0.1.11',
158 silly addNameRange     '0.1.12',
158 silly addNameRange     '0.1.13',
158 silly addNameRange     '0.1.14',
158 silly addNameRange     '0.1.15',
158 silly addNameRange     '0.1.16',
158 silly addNameRange     '0.1.17',
158 silly addNameRange     '0.1.18',
158 silly addNameRange     '0.1.19',
158 silly addNameRange     '0.1.20',
158 silly addNameRange     '0.1.21',
158 silly addNameRange     '0.1.22',
158 silly addNameRange     '0.2.0',
158 silly addNameRange     '0.2.1',
158 silly addNameRange     '0.2.2',
158 silly addNameRange     '0.2.3',
158 silly addNameRange     '0.2.4',
158 silly addNameRange     '0.2.5',
158 silly addNameRange     '0.2.6',
158 silly addNameRange     '0.2.7',
158 silly addNameRange     '0.2.8',
158 silly addNameRange     '0.2.9',
158 silly addNameRange     '0.2.10',
158 silly addNameRange     '0.3.0',
158 silly addNameRange     '0.4.0',
158 silly addNameRange     '0.4.1',
158 silly addNameRange     '0.5.0',
158 silly addNameRange     '0.6.0',
158 silly addNameRange     '0.6.1',
158 silly addNameRange     '0.6.2',
158 silly addNameRange     '0.7.0',
158 silly addNameRange     '0.8.0',
158 silly addNameRange     '0.9.0',
158 silly addNameRange     '0.9.2',
158 silly addNameRange     '1.0.0',
158 silly addNameRange     '1.1.0',
158 silly addNameRange     '1.2.0',
158 silly addNameRange     '1.1.1',
158 silly addNameRange     '1.2.1',
158 silly addNameRange     '1.3.0',
158 silly addNameRange     '1.4.0',
158 silly addNameRange     '1.4.1',
158 silly addNameRange     '1.4.2',
158 silly addNameRange     '1.5.0' ] ]
159 silly addNamed async@1.5.0
160 verbose addNamed "1.5.0" is a plain semver version for async
161 silly cache afterAdd async@1.5.0
162 verbose afterAdd /Users/huntbao/.npm/async/1.5.0/package/package.json not in flight; writing
163 verbose afterAdd /Users/huntbao/.npm/async/1.5.0/package/package.json written
164 http 304 https://registry.npmjs.org/loader-utils
165 silly get cb [ 304,
165 silly get   { date: 'Sun, 01 Nov 2015 08:34:00 GMT',
165 silly get     via: '1.1 varnish',
165 silly get     'cache-control': 'max-age=60',
165 silly get     etag: '"64QL3E2CCZFAS89UNVBUKHOLH"',
165 silly get     age: '0',
165 silly get     connection: 'keep-alive',
165 silly get     'x-served-by': 'cache-itm7424-ITM',
165 silly get     'x-cache': 'HIT',
165 silly get     'x-cache-hits': '1',
165 silly get     'x-timer': 'S1446366840.409926,VS0,VE631',
165 silly get     vary: 'Accept' } ]
166 verbose etag https://registry.npmjs.org/loader-utils from cache
167 verbose get saving loader-utils to /Users/huntbao/.npm/registry.npmjs.org/loader-utils/.cache.json
168 silly addNameRange number 2 { name: 'loader-utils', range: '>=0.2.5 <0.3.0', hasData: true }
169 silly addNameRange versions [ 'loader-utils',
169 silly addNameRange   [ '0.1.0',
169 silly addNameRange     '0.1.1',
169 silly addNameRange     '0.1.2',
169 silly addNameRange     '0.2.0',
169 silly addNameRange     '0.2.1',
169 silly addNameRange     '0.2.2',
169 silly addNameRange     '0.2.3',
169 silly addNameRange     '0.2.4',
169 silly addNameRange     '0.2.5',
169 silly addNameRange     '0.2.6',
169 silly addNameRange     '0.2.7',
169 silly addNameRange     '0.2.8',
169 silly addNameRange     '0.2.9',
169 silly addNameRange     '0.2.10',
169 silly addNameRange     '0.2.11' ] ]
170 silly addNamed loader-utils@0.2.11
171 verbose addNamed "0.2.11" is a plain semver version for loader-utils
172 silly cache afterAdd loader-utils@0.2.11
173 verbose afterAdd /Users/huntbao/.npm/loader-utils/0.2.11/package/package.json not in flight; writing
174 verbose afterAdd /Users/huntbao/.npm/loader-utils/0.2.11/package/package.json written
175 http 304 https://registry.npmjs.org/object-assign
176 silly get cb [ 304,
176 silly get   { date: 'Sun, 01 Nov 2015 08:34:00 GMT',
176 silly get     via: '1.1 varnish',
176 silly get     'cache-control': 'max-age=60',
176 silly get     etag: '"637E3HK1HW04QPOIQATJZU8ID"',
176 silly get     age: '0',
176 silly get     connection: 'keep-alive',
176 silly get     'x-served-by': 'cache-itm7420-ITM',
176 silly get     'x-cache': 'HIT',
176 silly get     'x-cache-hits': '1',
176 silly get     'x-timer': 'S1446366840.448557,VS0,VE642',
176 silly get     vary: 'Accept' } ]
177 verbose etag https://registry.npmjs.org/object-assign from cache
178 verbose get saving object-assign to /Users/huntbao/.npm/registry.npmjs.org/object-assign/.cache.json
179 silly addNameRange number 2 { name: 'object-assign', range: '>=4.0.1 <5.0.0', hasData: true }
180 silly addNameRange versions [ 'object-assign',
180 silly addNameRange   [ '0.1.0',
180 silly addNameRange     '0.1.1',
180 silly addNameRange     '0.1.2',
180 silly addNameRange     '0.2.0',
180 silly addNameRange     '0.2.1',
180 silly addNameRange     '0.2.2',
180 silly addNameRange     '0.3.0',
180 silly addNameRange     '0.3.1',
180 silly addNameRange     '0.4.0',
180 silly addNameRange     '1.0.0',
180 silly addNameRange     '2.0.0',
180 silly addNameRange     '3.0.0',
180 silly addNameRange     '2.1.1',
180 silly addNameRange     '4.0.0',
180 silly addNameRange     '4.0.1' ] ]
181 silly addNamed object-assign@4.0.1
182 verbose addNamed "4.0.1" is a plain semver version for object-assign
183 silly cache afterAdd object-assign@4.0.1
184 verbose afterAdd /Users/huntbao/.npm/object-assign/4.0.1/package/package.json not in flight; writing
185 verbose afterAdd /Users/huntbao/.npm/object-assign/4.0.1/package/package.json written
186 silly install resolved [ { name: 'async',
186 silly install resolved     description: 'Higher-order functions and common patterns for asynchronous code',
186 silly install resolved     main: 'lib/async.js',
186 silly install resolved     files: [ 'lib', 'dist/async.js', 'dist/async.min.js' ],
186 silly install resolved     author: { name: 'Caolan McMahon' },
186 silly install resolved     version: '1.5.0',
186 silly install resolved     keywords: [ 'async', 'callback', 'utility', 'module' ],
186 silly install resolved     repository: { type: 'git', url: 'git+https://github.com/caolan/async.git' },
186 silly install resolved     bugs: { url: 'https://github.com/caolan/async/issues' },
186 silly install resolved     license: 'MIT',
186 silly install resolved     devDependencies:
186 silly install resolved      { benchmark: 'github:bestiejs/benchmark.js',
186 silly install resolved        bluebird: '^2.9.32',
186 silly install resolved        chai: '^3.1.0',
186 silly install resolved        coveralls: '^2.11.2',
186 silly install resolved        'es6-promise': '^2.3.0',
186 silly install resolved        jscs: '^1.13.1',
186 silly install resolved        jshint: '~2.8.0',
186 silly install resolved        karma: '^0.13.2',
186 silly install resolved        'karma-browserify': '^4.2.1',
186 silly install resolved        'karma-firefox-launcher': '^0.1.6',
186 silly install resolved        'karma-mocha': '^0.2.0',
186 silly install resolved        'karma-mocha-reporter': '^1.0.2',
186 silly install resolved        lodash: '^3.9.0',
186 silly install resolved        mkdirp: '~0.5.1',
186 silly install resolved        mocha: '^2.2.5',
186 silly install resolved        'native-promise-only': '^0.8.0-a',
186 silly install resolved        nodeunit: '>0.0.0',
186 silly install resolved        nyc: '^2.1.0',
186 silly install resolved        rsvp: '^3.0.18',
186 silly install resolved        semver: '^4.3.6',
186 silly install resolved        'uglify-js': '~2.4.0',
186 silly install resolved        xyz: '^0.5.0',
186 silly install resolved        yargs: '~3.9.1' },
186 silly install resolved     jam: { main: 'lib/async.js', include: [Object], categories: [Object] },
186 silly install resolved     scripts:
186 silly install resolved      { 'mocha-node-test': 'mocha mocha_test/',
186 silly install resolved        'mocha-browser-test': 'karma start',
186 silly install resolved        'mocha-test': 'npm run mocha-node-test && npm run mocha-browser-test',
186 silly install resolved        'nodeunit-test': 'nodeunit test/test-async.js',
186 silly install resolved        test: 'npm run-script lint && npm run nodeunit-test && npm run mocha-test',
186 silly install resolved        lint: 'jshint lib/*.js test/*.js perf/*.js && jscs lib/*.js test/*.js perf/*.js',
186 silly install resolved        coverage: 'nyc npm test && nyc report',
186 silly install resolved        coveralls: 'nyc npm test && nyc report --reporter=text-lcov | coveralls' },
186 silly install resolved     spm: { main: 'lib/async.js' },
186 silly install resolved     volo: { main: 'lib/async.js', ignore: [Object] },
186 silly install resolved     gitHead: '621f13805aa326865b85dbbf7128baf7146ab976',
186 silly install resolved     homepage: 'https://github.com/caolan/async#readme',
186 silly install resolved     _id: 'async@1.5.0',
186 silly install resolved     _shasum: '2796642723573859565633fc6274444bee2f8ce3',
186 silly install resolved     _from: 'async@>=1.4.0 <2.0.0',
186 silly install resolved     _npmVersion: '2.14.2',
186 silly install resolved     _nodeVersion: '0.10.26',
186 silly install resolved     _npmUser: { name: 'aearly', email: 'alexander.early@gmail.com' },
186 silly install resolved     maintainers: [ [Object], [Object], [Object], [Object] ],
186 silly install resolved     dist:
186 silly install resolved      { shasum: '2796642723573859565633fc6274444bee2f8ce3',
186 silly install resolved        tarball: 'http://registry.npmjs.org/async/-/async-1.5.0.tgz' },
186 silly install resolved     directories: {},
186 silly install resolved     _resolved: 'https://registry.npmjs.org/async/-/async-1.5.0.tgz',
186 silly install resolved     readme: 'ERROR: No README data found!' },
186 silly install resolved   { name: 'loader-utils',
186 silly install resolved     version: '0.2.11',
186 silly install resolved     author: { name: 'Tobias Koppers @sokra' },
186 silly install resolved     description: 'utils for webpack loaders',
186 silly install resolved     dependencies: { 'big.js': '^3.0.2', json5: '^0.4.0' },
186 silly install resolved     scripts:
186 silly install resolved      { test: 'mocha',
186 silly install resolved        travis: 'npm run cover -- --report lcovonly',
186 silly install resolved        cover: 'istanbul cover -x *.runtime.js node_modules/mocha/bin/_mocha',
186 silly install resolved        'publish-patch': 'mocha && npm version patch && git push && git push --tags && npm publish' },
186 silly install resolved     license: 'MIT',
186 silly install resolved     repository:
186 silly install resolved      { type: 'git',
186 silly install resolved        url: 'git+https://github.com/webpack/loader-utils.git' },
186 silly install resolved     devDependencies: { coveralls: '^2.11.2', istanbul: '^0.3.14', mocha: '^1.21.4' },
186 silly install resolved     files: [ 'index.js' ],
186 silly install resolved     gitHead: '0adb5e5c06b6fd217b8ec4a5316bb08d3363cd88',
186 silly install resolved     bugs: { url: 'https://github.com/webpack/loader-utils/issues' },
186 silly install resolved     homepage: 'https://github.com/webpack/loader-utils#readme',
186 silly install resolved     _id: 'loader-utils@0.2.11',
186 silly install resolved     _shasum: '8a0164e337c21ca099c2b1716366f0db0ec3087f',
186 silly install resolved     _from: 'loader-utils@>=0.2.5 <0.3.0',
186 silly install resolved     _npmVersion: '2.10.1',
186 silly install resolved     _nodeVersion: '0.12.4',
186 silly install resolved     _npmUser: { name: 'sokra', email: 'tobias.koppers@googlemail.com' },
186 silly install resolved     maintainers: [ [Object] ],
186 silly install resolved     dist:
186 silly install resolved      { shasum: '8a0164e337c21ca099c2b1716366f0db0ec3087f',
186 silly install resolved        tarball: 'http://registry.npmjs.org/loader-utils/-/loader-utils-0.2.11.tgz' },
186 silly install resolved     directories: {},
186 silly install resolved     _resolved: 'https://registry.npmjs.org/loader-utils/-/loader-utils-0.2.11.tgz',
186 silly install resolved     readme: 'ERROR: No README data found!' },
186 silly install resolved   { name: 'object-assign',
186 silly install resolved     version: '4.0.1',
186 silly install resolved     description: 'ES6 Object.assign() ponyfill',
186 silly install resolved     license: 'MIT',
186 silly install resolved     repository:
186 silly install resolved      { type: 'git',
186 silly install resolved        url: 'git+https://github.com/sindresorhus/object-assign.git' },
186 silly install resolved     author:
186 silly install resolved      { name: 'Sindre Sorhus',
186 silly install resolved        email: 'sindresorhus@gmail.com',
186 silly install resolved        url: 'http://sindresorhus.com' },
186 silly install resolved     engines: { node: '>=0.10.0' },
186 silly install resolved     scripts: { test: 'xo && mocha', bench: 'matcha bench.js' },
186 silly install resolved     files: [ 'index.js' ],
186 silly install resolved     keywords:
186 silly install resolved      [ 'object',
186 silly install resolved        'assign',
186 silly install resolved        'extend',
186 silly install resolved        'properties',
186 silly install resolved        'es6',
186 silly install resolved        'ecmascript',
186 silly install resolved        'harmony',
186 silly install resolved        'ponyfill',
186 silly install resolved        'prollyfill',
186 silly install resolved        'polyfill',
186 silly install resolved        'shim',
186 silly install resolved        'browser' ],
186 silly install resolved     devDependencies: { lodash: '^3.10.1', matcha: '^0.6.0', mocha: '*', xo: '*' },
186 silly install resolved     xo: { envs: [Object] },
186 silly install resolved     gitHead: 'b0c40d37cbc43e89ad3326a9bad4c6b3133ba6d3',
186 silly install resolved     bugs: { url: 'https://github.com/sindresorhus/object-assign/issues' },
186 silly install resolved     homepage: 'https://github.com/sindresorhus/object-assign#readme',
186 silly install resolved     _id: 'object-assign@4.0.1',
186 silly install resolved     _shasum: '99504456c3598b5cad4fc59c26e8a9bb107fe0bd',
186 silly install resolved     _from: 'object-assign@>=4.0.1 <5.0.0',
186 silly install resolved     _npmVersion: '2.13.3',
186 silly install resolved     _nodeVersion: '3.0.0',
186 silly install resolved     _npmUser: { name: 'sindresorhus', email: 'sindresorhus@gmail.com' },
186 silly install resolved     dist:
186 silly install resolved      { shasum: '99504456c3598b5cad4fc59c26e8a9bb107fe0bd',
186 silly install resolved        tarball: 'http://registry.npmjs.org/object-assign/-/object-assign-4.0.1.tgz' },
186 silly install resolved     maintainers: [ [Object] ],
186 silly install resolved     directories: {},
186 silly install resolved     _resolved: 'https://registry.npmjs.org/object-assign/-/object-assign-4.0.1.tgz',
186 silly install resolved     readme: 'ERROR: No README data found!' } ]
187 info install async@1.5.0 into /Users/huntbao/phosphorus/node_modules/sass-loader
188 info install loader-utils@0.2.11 into /Users/huntbao/phosphorus/node_modules/sass-loader
189 info install object-assign@4.0.1 into /Users/huntbao/phosphorus/node_modules/sass-loader
190 info installOne async@1.5.0
191 verbose installOne of async to /Users/huntbao/phosphorus/node_modules/sass-loader not in flight; installing
192 info installOne loader-utils@0.2.11
193 verbose installOne of loader-utils to /Users/huntbao/phosphorus/node_modules/sass-loader not in flight; installing
194 info installOne object-assign@4.0.1
195 verbose installOne of object-assign to /Users/huntbao/phosphorus/node_modules/sass-loader not in flight; installing
196 verbose lock using /Users/huntbao/.npm/_locks/async-fc5ef67a76bb811b.lock for /Users/huntbao/phosphorus/node_modules/sass-loader/node_modules/async
197 verbose lock using /Users/huntbao/.npm/_locks/loader-utils-8d68f5943ef98bb0.lock for /Users/huntbao/phosphorus/node_modules/sass-loader/node_modules/loader-utils
198 silly install write writing async 1.5.0 to /Users/huntbao/phosphorus/node_modules/sass-loader/node_modules/async
199 verbose lock using /Users/huntbao/.npm/_locks/object-assign-6ecaecb2d4b1b13a.lock for /Users/huntbao/phosphorus/node_modules/sass-loader/node_modules/object-assign
200 silly install write writing loader-utils 0.2.11 to /Users/huntbao/phosphorus/node_modules/sass-loader/node_modules/loader-utils
201 silly install write writing object-assign 4.0.1 to /Users/huntbao/phosphorus/node_modules/sass-loader/node_modules/object-assign
202 verbose unbuild node_modules/sass-loader/node_modules/async
203 verbose unbuild node_modules/sass-loader/node_modules/loader-utils
204 verbose unbuild node_modules/sass-loader/node_modules/object-assign
205 silly gentlyRm /Users/huntbao/phosphorus/node_modules/sass-loader/node_modules/async is being purged from base /Users/huntbao/phosphorus
206 verbose gentlyRm don't care about contents; nuking /Users/huntbao/phosphorus/node_modules/sass-loader/node_modules/async
207 verbose tar unpack /Users/huntbao/.npm/async/1.5.0/package.tgz
208 verbose tar unpacking to /Users/huntbao/phosphorus/node_modules/sass-loader/node_modules/async
209 silly gentlyRm /Users/huntbao/phosphorus/node_modules/sass-loader/node_modules/async is being purged
210 verbose gentlyRm don't care about contents; nuking /Users/huntbao/phosphorus/node_modules/sass-loader/node_modules/async
211 silly gentlyRm /Users/huntbao/phosphorus/node_modules/sass-loader/node_modules/loader-utils is being purged from base /Users/huntbao/phosphorus
212 verbose gentlyRm don't care about contents; nuking /Users/huntbao/phosphorus/node_modules/sass-loader/node_modules/loader-utils
213 silly gentlyRm /Users/huntbao/phosphorus/node_modules/sass-loader/node_modules/object-assign is being purged from base /Users/huntbao/phosphorus
214 verbose gentlyRm don't care about contents; nuking /Users/huntbao/phosphorus/node_modules/sass-loader/node_modules/object-assign
215 silly gunzTarPerm modes [ '755', '644' ]
216 verbose tar unpack /Users/huntbao/.npm/loader-utils/0.2.11/package.tgz
217 verbose tar unpacking to /Users/huntbao/phosphorus/node_modules/sass-loader/node_modules/loader-utils
218 silly gentlyRm /Users/huntbao/phosphorus/node_modules/sass-loader/node_modules/loader-utils is being purged
219 verbose gentlyRm don't care about contents; nuking /Users/huntbao/phosphorus/node_modules/sass-loader/node_modules/loader-utils
220 verbose tar unpack /Users/huntbao/.npm/object-assign/4.0.1/package.tgz
221 verbose tar unpacking to /Users/huntbao/phosphorus/node_modules/sass-loader/node_modules/object-assign
222 silly gentlyRm /Users/huntbao/phosphorus/node_modules/sass-loader/node_modules/object-assign is being purged
223 verbose gentlyRm don't care about contents; nuking /Users/huntbao/phosphorus/node_modules/sass-loader/node_modules/object-assign
224 silly gunzTarPerm modes [ '755', '644' ]
225 silly gunzTarPerm modes [ '755', '644' ]
226 silly gunzTarPerm extractEntry package.json
227 silly gunzTarPerm modified mode [ 'package.json', 436, 420 ]
228 silly gunzTarPerm extractEntry package.json
229 silly gunzTarPerm extractEntry README.md
230 silly gunzTarPerm modified mode [ 'README.md', 436, 420 ]
231 silly gunzTarPerm extractEntry LICENSE
232 silly gunzTarPerm modified mode [ 'LICENSE', 436, 420 ]
233 silly gunzTarPerm extractEntry index.js
234 silly gunzTarPerm extractEntry license
235 silly gunzTarPerm extractEntry CHANGELOG.md
236 silly gunzTarPerm modified mode [ 'CHANGELOG.md', 436, 420 ]
237 silly gunzTarPerm extractEntry dist/async.js
238 silly gunzTarPerm modified mode [ 'dist/async.js', 436, 420 ]
239 silly gunzTarPerm extractEntry dist/async.min.js
240 silly gunzTarPerm modified mode [ 'dist/async.min.js', 436, 420 ]
241 silly gunzTarPerm extractEntry readme.md
242 silly gunzTarPerm extractEntry package.json
243 silly gunzTarPerm modified mode [ 'package.json', 438, 420 ]
244 silly gunzTarPerm extractEntry README.md
245 silly gunzTarPerm modified mode [ 'README.md', 438, 420 ]
246 silly gunzTarPerm extractEntry LICENSE
247 silly gunzTarPerm modified mode [ 'LICENSE', 438, 420 ]
248 silly gunzTarPerm extractEntry index.js
249 silly gunzTarPerm modified mode [ 'index.js', 438, 420 ]
250 verbose write writing to /Users/huntbao/phosphorus/node_modules/sass-loader/node_modules/object-assign/package.json
251 info preinstall object-assign@4.0.1
252 verbose readDependencies loading dependencies from /Users/huntbao/phosphorus/node_modules/sass-loader/node_modules/object-assign/package.json
253 verbose readDependencies loading dependencies from /Users/huntbao/phosphorus/node_modules/sass-loader/node_modules/object-assign/package.json
254 silly install resolved []
255 verbose about to build /Users/huntbao/phosphorus/node_modules/sass-loader/node_modules/object-assign
256 info build /Users/huntbao/phosphorus/node_modules/sass-loader/node_modules/object-assign
257 silly gunzTarPerm extractEntry lib/async.js
258 silly gunzTarPerm modified mode [ 'lib/async.js', 436, 420 ]
259 info linkStuff object-assign@4.0.1
260 silly linkStuff object-assign@4.0.1 has /Users/huntbao/phosphorus/node_modules/sass-loader/node_modules as its parent node_modules
261 verbose linkBins object-assign@4.0.1
262 verbose linkMans object-assign@4.0.1
263 verbose rebuildBundles object-assign@4.0.1
264 info install object-assign@4.0.1
265 info postinstall object-assign@4.0.1
266 verbose unlock done using /Users/huntbao/.npm/_locks/object-assign-6ecaecb2d4b1b13a.lock for /Users/huntbao/phosphorus/node_modules/sass-loader/node_modules/object-assign
267 verbose write writing to /Users/huntbao/phosphorus/node_modules/sass-loader/node_modules/loader-utils/package.json
268 info preinstall loader-utils@0.2.11
269 verbose readDependencies loading dependencies from /Users/huntbao/phosphorus/node_modules/sass-loader/node_modules/loader-utils/package.json
270 silly prepareForInstallMany adding big.js@^3.0.2 from loader-utils dependencies
271 silly prepareForInstallMany adding json5@^0.4.0 from loader-utils dependencies
272 verbose readDependencies loading dependencies from /Users/huntbao/phosphorus/node_modules/sass-loader/node_modules/loader-utils/package.json
273 silly cache add args [ 'big.js@^3.0.2', null ]
274 verbose cache add spec big.js@^3.0.2
275 silly cache add args [ 'json5@^0.4.0', null ]
276 verbose cache add spec json5@^0.4.0
277 silly cache add parsed spec Result {
277 silly cache add   raw: 'big.js@^3.0.2',
277 silly cache add   scope: null,
277 silly cache add   name: 'big.js',
277 silly cache add   rawSpec: '^3.0.2',
277 silly cache add   spec: '>=3.0.2 <4.0.0',
277 silly cache add   type: 'range' }
278 silly addNamed big.js@>=3.0.2 <4.0.0
279 verbose addNamed ">=3.0.2 <4.0.0" is a valid semver range for big.js
280 silly addNameRange { name: 'big.js', range: '>=3.0.2 <4.0.0', hasData: false }
281 silly mapToRegistry name big.js
282 silly mapToRegistry using default registry
283 silly mapToRegistry registry https://registry.npmjs.org/
284 silly mapToRegistry uri https://registry.npmjs.org/big.js
285 verbose addNameRange registry:https://registry.npmjs.org/big.js not in flight; fetching
286 silly cache add parsed spec Result {
286 silly cache add   raw: 'json5@^0.4.0',
286 silly cache add   scope: null,
286 silly cache add   name: 'json5',
286 silly cache add   rawSpec: '^0.4.0',
286 silly cache add   spec: '>=0.4.0 <0.5.0',
286 silly cache add   type: 'range' }
287 silly addNamed json5@>=0.4.0 <0.5.0
288 verbose addNamed ">=0.4.0 <0.5.0" is a valid semver range for json5
289 silly addNameRange { name: 'json5', range: '>=0.4.0 <0.5.0', hasData: false }
290 silly mapToRegistry name json5
291 silly mapToRegistry using default registry
292 silly mapToRegistry registry https://registry.npmjs.org/
293 silly mapToRegistry uri https://registry.npmjs.org/json5
294 verbose addNameRange registry:https://registry.npmjs.org/json5 not in flight; fetching
295 verbose request uri https://registry.npmjs.org/big.js
296 verbose request no auth needed
297 info attempt registry request try #1 at 4:34:01 PM
298 verbose etag "V2BGW5VM749T7RMZ6I77UNR9"
299 http request GET https://registry.npmjs.org/big.js
300 verbose request uri https://registry.npmjs.org/json5
301 verbose request no auth needed
302 info attempt registry request try #1 at 4:34:01 PM
303 verbose etag "ASN70NOI1S08Z9FGL0U8OIO0B"
304 http request GET https://registry.npmjs.org/json5
305 verbose write writing to /Users/huntbao/phosphorus/node_modules/sass-loader/node_modules/async/package.json
306 info preinstall async@1.5.0
307 verbose readDependencies loading dependencies from /Users/huntbao/phosphorus/node_modules/sass-loader/node_modules/async/package.json
308 verbose readDependencies loading dependencies from /Users/huntbao/phosphorus/node_modules/sass-loader/node_modules/async/package.json
309 silly install resolved []
310 verbose about to build /Users/huntbao/phosphorus/node_modules/sass-loader/node_modules/async
311 info build /Users/huntbao/phosphorus/node_modules/sass-loader/node_modules/async
312 info linkStuff async@1.5.0
313 silly linkStuff async@1.5.0 has /Users/huntbao/phosphorus/node_modules/sass-loader/node_modules as its parent node_modules
314 verbose linkBins async@1.5.0
315 verbose linkMans async@1.5.0
316 verbose rebuildBundles async@1.5.0
317 info install async@1.5.0
318 info postinstall async@1.5.0
319 verbose unlock done using /Users/huntbao/.npm/_locks/async-fc5ef67a76bb811b.lock for /Users/huntbao/phosphorus/node_modules/sass-loader/node_modules/async
320 http 304 https://registry.npmjs.org/big.js
321 silly get cb [ 304,
321 silly get   { date: 'Sun, 01 Nov 2015 08:34:01 GMT',
321 silly get     via: '1.1 varnish',
321 silly get     'cache-control': 'max-age=60',
321 silly get     etag: '"V2BGW5VM749T7RMZ6I77UNR9"',
321 silly get     age: '0',
321 silly get     connection: 'keep-alive',
321 silly get     'x-served-by': 'cache-itm7427-ITM',
321 silly get     'x-cache': 'HIT',
321 silly get     'x-cache-hits': '1',
321 silly get     'x-timer': 'S1446366841.406859,VS0,VE161',
321 silly get     vary: 'Accept' } ]
322 verbose etag https://registry.npmjs.org/big.js from cache
323 verbose get saving big.js to /Users/huntbao/.npm/registry.npmjs.org/big.js/.cache.json
324 silly addNameRange number 2 { name: 'big.js', range: '>=3.0.2 <4.0.0', hasData: true }
325 silly addNameRange versions [ 'big.js',
325 silly addNameRange   [ '2.0.0',
325 silly addNameRange     '2.1.0',
325 silly addNameRange     '2.2.0',
325 silly addNameRange     '2.4.0',
325 silly addNameRange     '2.4.1',
325 silly addNameRange     '2.5.0',
325 silly addNameRange     '2.5.1',
325 silly addNameRange     '3.0.0',
325 silly addNameRange     '3.0.1',
325 silly addNameRange     '3.0.2',
325 silly addNameRange     '3.1.1',
325 silly addNameRange     '3.1.2',
325 silly addNameRange     '3.1.3' ] ]
326 silly addNamed big.js@3.1.3
327 verbose addNamed "3.1.3" is a plain semver version for big.js
328 silly cache afterAdd big.js@3.1.3
329 verbose afterAdd /Users/huntbao/.npm/big.js/3.1.3/package/package.json not in flight; writing
330 verbose afterAdd /Users/huntbao/.npm/big.js/3.1.3/package/package.json written
331 http 304 https://registry.npmjs.org/json5
332 silly get cb [ 304,
332 silly get   { date: 'Sun, 01 Nov 2015 08:34:01 GMT',
332 silly get     via: '1.1 varnish',
332 silly get     'cache-control': 'max-age=60',
332 silly get     etag: '"ASN70NOI1S08Z9FGL0U8OIO0B"',
332 silly get     age: '0',
332 silly get     connection: 'keep-alive',
332 silly get     'x-served-by': 'cache-itm7420-ITM',
332 silly get     'x-cache': 'HIT',
332 silly get     'x-cache-hits': '1',
332 silly get     'x-timer': 'S1446366841.402975,VS0,VE672',
332 silly get     vary: 'Accept' } ]
333 verbose etag https://registry.npmjs.org/json5 from cache
334 verbose get saving json5 to /Users/huntbao/.npm/registry.npmjs.org/json5/.cache.json
335 silly addNameRange number 2 { name: 'json5', range: '>=0.4.0 <0.5.0', hasData: true }
336 silly addNameRange versions [ 'json5', [ '0.0.0', '0.0.1', '0.1.0', '0.2.0', '0.4.0' ] ]
337 silly addNamed json5@0.4.0
338 verbose addNamed "0.4.0" is a plain semver version for json5
339 silly cache afterAdd json5@0.4.0
340 verbose afterAdd /Users/huntbao/.npm/json5/0.4.0/package/package.json not in flight; writing
341 verbose afterAdd /Users/huntbao/.npm/json5/0.4.0/package/package.json written
342 silly install resolved [ { name: 'big.js',
342 silly install resolved     description: 'A small, fast, easy-to-use library for arbitrary-precision decimal arithmetic',
342 silly install resolved     version: '3.1.3',
342 silly install resolved     keywords:
342 silly install resolved      [ 'arbitrary',
342 silly install resolved        'precision',
342 silly install resolved        'arithmetic',
342 silly install resolved        'big',
342 silly install resolved        'number',
342 silly install resolved        'decimal',
342 silly install resolved        'float',
342 silly install resolved        'biginteger',
342 silly install resolved        'bigdecimal',
342 silly install resolved        'bignumber',
342 silly install resolved        'bigint',
342 silly install resolved        'bignum' ],
342 silly install resolved     repository:
342 silly install resolved      { type: 'git',
342 silly install resolved        url: 'git+https://github.com/MikeMcl/big.js.git' },
342 silly install resolved     main: './big',
342 silly install resolved     author: { name: 'Michael Mclaughlin', email: 'M8ch88l@gmail.com' },
342 silly install resolved     bugs: { url: 'https://github.com/MikeMcl/big.js/issues' },
342 silly install resolved     engines: { node: '*' },
342 silly install resolved     license: 'MIT',
342 silly install resolved     scripts:
342 silly install resolved      { test: 'node ./test/every-test.js',
342 silly install resolved        build: 'uglifyjs -o ./big.min.js ./big.js' },
342 silly install resolved     files: [ 'big.js', 'big.min.js' ],
342 silly install resolved     gitHead: '86268e96b3dbf6db8ce319489f410277d9d4ea1b',
342 silly install resolved     homepage: 'https://github.com/MikeMcl/big.js#readme',
342 silly install resolved     _id: 'big.js@3.1.3',
342 silly install resolved     _shasum: '4cada2193652eb3ca9ec8e55c9015669c9806978',
342 silly install resolved     _from: 'big.js@>=3.0.2 <4.0.0',
342 silly install resolved     _npmVersion: '2.9.1',
342 silly install resolved     _nodeVersion: '0.12.0',
342 silly install resolved     _npmUser: { name: 'mikemcl', email: 'M8ch88l@gmail.com' },
342 silly install resolved     maintainers: [ [Object] ],
342 silly install resolved     dist:
342 silly install resolved      { shasum: '4cada2193652eb3ca9ec8e55c9015669c9806978',
342 silly install resolved        tarball: 'http://registry.npmjs.org/big.js/-/big.js-3.1.3.tgz' },
342 silly install resolved     directories: {},
342 silly install resolved     _resolved: 'https://registry.npmjs.org/big.js/-/big.js-3.1.3.tgz',
342 silly install resolved     readme: 'ERROR: No README data found!' },
342 silly install resolved   { name: 'json5',
342 silly install resolved     version: '0.4.0',
342 silly install resolved     description: 'JSON for the ES5 era.',
342 silly install resolved     keywords: [ 'json', 'es5' ],
342 silly install resolved     author: { name: 'Aseem Kishore', email: 'aseem.kishore@gmail.com' },
342 silly install resolved     license: 'MIT',
342 silly install resolved     contributors: [ [Object], [Object] ],
342 silly install resolved     main: 'lib/json5.js',
342 silly install resolved     bin: { json5: 'lib/cli.js' },
342 silly install resolved     dependencies: {},
342 silly install resolved     devDependencies: { mocha: '~1.0.3' },
342 silly install resolved     scripts:
342 silly install resolved      { build: './lib/cli.js -c package.json5',
342 silly install resolved        test: 'mocha --ui exports --reporter spec' },
342 silly install resolved     homepage: 'http://json5.org/',
342 silly install resolved     repository: { type: 'git', url: 'git+https://github.com/aseemk/json5.git' },
342 silly install resolved     bugs: { url: 'https://github.com/aseemk/json5/issues' },
342 silly install resolved     _id: 'json5@0.4.0',
342 silly install resolved     dist:
342 silly install resolved      { shasum: '054352e4c4c80c86c0923877d449de176a732c8d',
342 silly install resolved        tarball: 'http://registry.npmjs.org/json5/-/json5-0.4.0.tgz' },
342 silly install resolved     _from: 'json5@>=0.4.0 <0.5.0',
342 silly install resolved     _npmVersion: '1.3.21',
342 silly install resolved     _npmUser: { name: 'aseemk', email: 'aseem.kishore@gmail.com' },
342 silly install resolved     maintainers: [ [Object] ],
342 silly install resolved     directories: {},
342 silly install resolved     _shasum: '054352e4c4c80c86c0923877d449de176a732c8d',
342 silly install resolved     _resolved: 'https://registry.npmjs.org/json5/-/json5-0.4.0.tgz',
342 silly install resolved     readme: 'ERROR: No README data found!' } ]
343 info install big.js@3.1.3 into /Users/huntbao/phosphorus/node_modules/sass-loader/node_modules/loader-utils
344 info install json5@0.4.0 into /Users/huntbao/phosphorus/node_modules/sass-loader/node_modules/loader-utils
345 info installOne big.js@3.1.3
346 verbose installOne of big.js to /Users/huntbao/phosphorus/node_modules/sass-loader/node_modules/loader-utils not in flight; installing
347 info installOne json5@0.4.0
348 verbose installOne of json5 to /Users/huntbao/phosphorus/node_modules/sass-loader/node_modules/loader-utils not in flight; installing
349 verbose lock using /Users/huntbao/.npm/_locks/big-js-70a6a8497043e824.lock for /Users/huntbao/phosphorus/node_modules/sass-loader/node_modules/loader-utils/node_modules/big.js
350 verbose lock using /Users/huntbao/.npm/_locks/json5-e9a59cfbd69cd8d5.lock for /Users/huntbao/phosphorus/node_modules/sass-loader/node_modules/loader-utils/node_modules/json5
351 silly install write writing big.js 3.1.3 to /Users/huntbao/phosphorus/node_modules/sass-loader/node_modules/loader-utils/node_modules/big.js
352 silly install write writing json5 0.4.0 to /Users/huntbao/phosphorus/node_modules/sass-loader/node_modules/loader-utils/node_modules/json5
353 verbose unbuild node_modules/sass-loader/node_modules/loader-utils/node_modules/big.js
354 silly gentlyRm /Users/huntbao/phosphorus/node_modules/sass-loader/node_modules/loader-utils/node_modules/big.js is being purged from base /Users/huntbao/phosphorus
355 verbose gentlyRm don't care about contents; nuking /Users/huntbao/phosphorus/node_modules/sass-loader/node_modules/loader-utils/node_modules/big.js
356 verbose tar unpack /Users/huntbao/.npm/big.js/3.1.3/package.tgz
357 verbose tar unpacking to /Users/huntbao/phosphorus/node_modules/sass-loader/node_modules/loader-utils/node_modules/big.js
358 silly gentlyRm /Users/huntbao/phosphorus/node_modules/sass-loader/node_modules/loader-utils/node_modules/big.js is being purged
359 verbose gentlyRm don't care about contents; nuking /Users/huntbao/phosphorus/node_modules/sass-loader/node_modules/loader-utils/node_modules/big.js
360 silly gunzTarPerm modes [ '755', '644' ]
361 verbose unbuild node_modules/sass-loader/node_modules/loader-utils/node_modules/json5
362 silly gunzTarPerm extractEntry package.json
363 silly gunzTarPerm modified mode [ 'package.json', 438, 420 ]
364 silly gentlyRm /Users/huntbao/phosphorus/node_modules/sass-loader/node_modules/loader-utils/node_modules/json5 is being purged from base /Users/huntbao/phosphorus
365 verbose gentlyRm don't care about contents; nuking /Users/huntbao/phosphorus/node_modules/sass-loader/node_modules/loader-utils/node_modules/json5
366 verbose tar unpack /Users/huntbao/.npm/json5/0.4.0/package.tgz
367 verbose tar unpacking to /Users/huntbao/phosphorus/node_modules/sass-loader/node_modules/loader-utils/node_modules/json5
368 silly gentlyRm /Users/huntbao/phosphorus/node_modules/sass-loader/node_modules/loader-utils/node_modules/json5 is being purged
369 verbose gentlyRm don't care about contents; nuking /Users/huntbao/phosphorus/node_modules/sass-loader/node_modules/loader-utils/node_modules/json5
370 silly gunzTarPerm modes [ '755', '644' ]
371 silly gunzTarPerm extractEntry README.md
372 silly gunzTarPerm modified mode [ 'README.md', 438, 420 ]
373 silly gunzTarPerm extractEntry LICENCE
374 silly gunzTarPerm modified mode [ 'LICENCE', 438, 420 ]
375 silly gunzTarPerm extractEntry package.json
376 silly gunzTarPerm extractEntry big.js
377 silly gunzTarPerm modified mode [ 'big.js', 438, 420 ]
378 silly gunzTarPerm extractEntry big.min.js
379 silly gunzTarPerm modified mode [ 'big.min.js', 438, 420 ]
380 silly gunzTarPerm extractEntry .npmignore
381 silly gunzTarPerm extractEntry README.md
382 silly gunzTarPerm extractEntry .editorconfig
383 silly gunzTarPerm extractEntry .travis.yml
384 silly gunzTarPerm extractEntry CHANGELOG.md
385 silly gunzTarPerm extractEntry lib/cli.js
386 silly gunzTarPerm extractEntry lib/json5.js
387 silly gunzTarPerm extractEntry lib/require.js
388 silly gunzTarPerm extractEntry package.json5
389 silly gunzTarPerm extractEntry test/parse.js
390 silly gunzTarPerm extractEntry test/require.js
391 silly gunzTarPerm extractEntry test/stringify.js
392 silly gunzTarPerm extractEntry test/parse-cases/arrays/leading-comma-array.js
393 silly gunzTarPerm extractEntry test/parse-cases/arrays/lone-trailing-comma-array.js
394 silly gunzTarPerm extractEntry test/parse-cases/arrays/empty-array.json
395 silly gunzTarPerm extractEntry test/parse-cases/arrays/no-comma-array.txt
396 silly gunzTarPerm extractEntry test/parse-cases/arrays/regular-array.json
397 silly gunzTarPerm extractEntry test/parse-cases/arrays/trailing-comma-array.json5
398 silly gunzTarPerm extractEntry test/parse-cases/comments/inline-comment-following-top-level-value.json5
399 silly gunzTarPerm extractEntry test/parse-cases/comments/block-comment-following-array-element.json5
400 silly gunzTarPerm extractEntry test/parse-cases/comments/block-comment-in-string.json
401 silly gunzTarPerm extractEntry test/parse-cases/comments/block-comment-preceding-top-level-value.json5
402 silly gunzTarPerm extractEntry test/parse-cases/comments/block-comment-with-asterisks.json5
403 silly gunzTarPerm extractEntry test/parse-cases/comments/inline-comment-following-array-element.json5
404 silly gunzTarPerm extractEntry test/parse-cases/comments/block-comment-following-top-level-value.json5
405 silly gunzTarPerm extractEntry test/parse-cases/comments/inline-comment-in-string.json
406 silly gunzTarPerm extractEntry test/parse-cases/comments/inline-comment-preceding-top-level-value.json5
407 silly gunzTarPerm extractEntry test/parse-cases/comments/top-level-block-comment.txt
408 silly gunzTarPerm extractEntry test/parse-cases/comments/top-level-inline-comment.txt
409 silly gunzTarPerm extractEntry test/parse-cases/comments/unterminated-block-comment.txt
410 silly gunzTarPerm extractEntry test/parse-cases/misc/empty.txt
411 silly gunzTarPerm extractEntry test/parse-cases/misc/npm-package.json
412 silly gunzTarPerm extractEntry test/parse-cases/misc/npm-package.json5
413 silly gunzTarPerm extractEntry test/parse-cases/misc/readme-example.json5
414 silly gunzTarPerm extractEntry test/parse-cases/misc/valid-whitespace.json5
415 silly gunzTarPerm extractEntry test/parse-cases/new-lines/.editorconfig
416 silly gunzTarPerm extractEntry test/parse-cases/new-lines/.gitattributes
417 silly gunzTarPerm extractEntry test/parse-cases/new-lines/comment-cr.json5
418 silly gunzTarPerm extractEntry test/parse-cases/new-lines/comment-crlf.json5
419 silly gunzTarPerm extractEntry test/parse-cases/new-lines/comment-lf.json5
420 silly gunzTarPerm extractEntry test/parse-cases/new-lines/escaped-cr.json5
421 silly gunzTarPerm extractEntry test/parse-cases/new-lines/escaped-crlf.json5
422 silly gunzTarPerm extractEntry test/parse-cases/new-lines/escaped-lf.json5
423 silly gunzTarPerm extractEntry test/parse-cases/numbers/negative-noctal.js
424 silly gunzTarPerm extractEntry test/parse-cases/numbers/noctal-with-leading-octal-digit.js
425 silly gunzTarPerm extractEntry test/parse-cases/numbers/noctal.js
426 silly gunzTarPerm extractEntry test/parse-cases/numbers/positive-noctal.js
427 silly gunzTarPerm extractEntry test/parse-cases/numbers/negative-zero-binary-coffeescript.txt
428 silly gunzTarPerm extractEntry test/parse-cases/numbers/float-with-integer-exponent.json
429 silly gunzTarPerm extractEntry test/parse-cases/numbers/float.json
430 silly gunzTarPerm extractEntry test/parse-cases/numbers/hexadecimal-empty.txt
431 silly gunzTarPerm extractEntry test/parse-cases/numbers/hexadecimal-lowercase-letter.json5
432 silly gunzTarPerm extractEntry test/parse-cases/numbers/hexadecimal-uppercase-x.json5
433 silly gunzTarPerm extractEntry test/parse-cases/numbers/hexadecimal-with-integer-exponent.json5
434 silly gunzTarPerm extractEntry test/parse-cases/numbers/hexadecimal.json5
435 silly gunzTarPerm extractEntry test/parse-cases/numbers/infinity.json5
436 silly gunzTarPerm extractEntry test/parse-cases/numbers/integer-with-float-exponent.txt
437 silly gunzTarPerm extractEntry test/parse-cases/numbers/integer-with-hexadecimal-exponent.txt
438 silly gunzTarPerm extractEntry test/parse-cases/numbers/integer-with-integer-exponent.json
439 silly gunzTarPerm extractEntry test/parse-cases/numbers/integer-with-negative-float-exponent.txt
440 silly gunzTarPerm extractEntry test/parse-cases/numbers/integer-with-negative-hexadecimal-exponent.txt
441 silly gunzTarPerm extractEntry test/parse-cases/numbers/integer-with-negative-integer-exponent.json
442 silly gunzTarPerm extractEntry test/parse-cases/numbers/integer-with-negative-zero-integer-exponent.json
443 silly gunzTarPerm extractEntry test/parse-cases/numbers/integer-with-positive-float-exponent.txt
444 silly gunzTarPerm extractEntry test/parse-cases/numbers/integer-with-positive-hexadecimal-exponent.txt
445 silly gunzTarPerm extractEntry test/parse-cases/numbers/integer-with-positive-integer-exponent.json
446 silly gunzTarPerm extractEntry test/parse-cases/numbers/integer-with-positive-zero-integer-exponent.json
447 silly gunzTarPerm extractEntry test/parse-cases/numbers/integer-with-zero-integer-exponent.json
448 silly gunzTarPerm extractEntry test/parse-cases/numbers/integer.json
449 silly gunzTarPerm extractEntry test/parse-cases/numbers/lone-decimal-point.txt
450 silly gunzTarPerm extractEntry test/parse-cases/numbers/nan.json5
451 silly gunzTarPerm extractEntry test/parse-cases/numbers/negative-binary-coffeescript.txt
452 silly gunzTarPerm extractEntry test/parse-cases/numbers/negative-float-leading-decimal-point.json5
453 silly gunzTarPerm extractEntry test/parse-cases/numbers/negative-float-leading-zero.json
454 silly gunzTarPerm extractEntry test/parse-cases/numbers/negative-float-trailing-decimal-point.json5
455 silly gunzTarPerm extractEntry test/parse-cases/numbers/negative-float.json
456 silly gunzTarPerm extractEntry test/parse-cases/numbers/negative-hexadecimal.json5
457 silly gunzTarPerm extractEntry test/parse-cases/numbers/negative-infinity.json5
458 silly gunzTarPerm extractEntry test/parse-cases/numbers/negative-integer.json
459 silly gunzTarPerm extractEntry test/parse-cases/numbers/binary-coffeescript.txt
460 silly gunzTarPerm extractEntry test/parse-cases/numbers/negative-octal-coffeescript.txt
461 silly gunzTarPerm extractEntry test/parse-cases/numbers/negative-octal.txt
462 silly gunzTarPerm extractEntry test/parse-cases/numbers/float-leading-decimal-point.json5
463 silly gunzTarPerm extractEntry test/parse-cases/numbers/negative-zero-float-leading-decimal-point.json5
464 silly gunzTarPerm extractEntry test/parse-cases/numbers/negative-zero-float-trailing-decimal-point.json5
465 silly gunzTarPerm extractEntry test/parse-cases/numbers/negative-zero-float.json
466 silly gunzTarPerm extractEntry test/parse-cases/numbers/negative-zero-hexadecimal.json5
467 silly gunzTarPerm extractEntry test/parse-cases/numbers/negative-zero-integer.json
468 silly gunzTarPerm extractEntry test/parse-cases/numbers/negative-zero-octal-coffeescript.txt
469 silly gunzTarPerm extractEntry test/parse-cases/numbers/negative-zero-octal.txt
470 silly gunzTarPerm extractEntry test/parse-cases/numbers/float-leading-zero.json
471 silly gunzTarPerm extractEntry test/parse-cases/numbers/float-trailing-decimal-point-with-integer-exponent.json5
472 silly gunzTarPerm extractEntry test/parse-cases/numbers/octal-coffeescript.txt
473 silly gunzTarPerm extractEntry test/parse-cases/numbers/octal.txt
474 silly gunzTarPerm extractEntry test/parse-cases/numbers/positive-binary-coffeescript.txt
475 silly gunzTarPerm extractEntry test/parse-cases/numbers/positive-float-leading-decimal-point.json5
476 silly gunzTarPerm extractEntry test/parse-cases/numbers/positive-float-leading-zero.json5
477 silly gunzTarPerm extractEntry test/parse-cases/numbers/positive-float-trailing-decimal-point.json5
478 silly gunzTarPerm extractEntry test/parse-cases/numbers/positive-float.json5
479 silly gunzTarPerm extractEntry test/parse-cases/numbers/positive-hexadecimal.json5
480 silly gunzTarPerm extractEntry test/parse-cases/numbers/positive-infinity.json5
481 silly gunzTarPerm extractEntry test/parse-cases/numbers/positive-integer.json5
482 silly gunzTarPerm extractEntry test/parse-cases/numbers/float-trailing-decimal-point.json5
483 silly gunzTarPerm extractEntry test/parse-cases/numbers/positive-octal-coffeescript.txt
484 silly gunzTarPerm extractEntry test/parse-cases/numbers/positive-octal.txt
485 silly gunzTarPerm extractEntry test/parse-cases/numbers/positive-zero-binary-coffeescript.txt
486 silly gunzTarPerm extractEntry test/parse-cases/numbers/positive-zero-float-leading-decimal-point.json5
487 silly gunzTarPerm extractEntry test/parse-cases/numbers/positive-zero-float-trailing-decimal-point.json5
488 silly gunzTarPerm extractEntry test/parse-cases/numbers/positive-zero-float.json5
489 silly gunzTarPerm extractEntry test/parse-cases/numbers/positive-zero-hexadecimal.json5
490 silly gunzTarPerm extractEntry test/parse-cases/numbers/positive-zero-integer.json5
491 silly gunzTarPerm extractEntry test/parse-cases/numbers/positive-zero-octal-coffeescript.txt
492 silly gunzTarPerm extractEntry test/parse-cases/numbers/positive-zero-octal.txt
493 silly gunzTarPerm extractEntry test/parse-cases/numbers/zero-binary-coffeescript.txt
494 silly gunzTarPerm extractEntry test/parse-cases/numbers/zero-float-leading-decimal-point.json5
495 silly gunzTarPerm extractEntry test/parse-cases/numbers/zero-float-trailing-decimal-point.json5
496 silly gunzTarPerm extractEntry test/parse-cases/numbers/zero-float.json
497 silly gunzTarPerm extractEntry test/parse-cases/numbers/zero-hexadecimal.json5
498 silly gunzTarPerm extractEntry test/parse-cases/numbers/zero-integer-with-integer-exponent.json
499 silly gunzTarPerm extractEntry test/parse-cases/numbers/zero-integer.json
500 silly gunzTarPerm extractEntry test/parse-cases/numbers/zero-octal-coffeescript.txt
501 silly gunzTarPerm extractEntry test/parse-cases/numbers/zero-octal.txt
502 silly gunzTarPerm extractEntry test/parse-cases/objects/lone-trailing-comma-object.txt
503 silly gunzTarPerm extractEntry test/parse-cases/objects/duplicate-keys.json
504 silly gunzTarPerm extractEntry test/parse-cases/objects/illegal-unquoted-key-number.txt
505 silly gunzTarPerm extractEntry test/parse-cases/objects/illegal-unquoted-key-symbol.txt
506 silly gunzTarPerm extractEntry test/parse-cases/objects/leading-comma-object.txt
507 silly gunzTarPerm extractEntry test/parse-cases/objects/empty-object.json
508 silly gunzTarPerm extractEntry test/parse-cases/objects/no-comma-object.txt
509 silly gunzTarPerm extractEntry test/parse-cases/objects/reserved-unquoted-key.json5
510 silly gunzTarPerm extractEntry test/parse-cases/objects/single-quoted-key.json5
511 silly gunzTarPerm extractEntry test/parse-cases/objects/trailing-comma-object.json5
512 silly gunzTarPerm extractEntry test/parse-cases/objects/unquoted-keys.json5
513 silly gunzTarPerm extractEntry test/parse-cases/strings/escaped-single-quoted-string.json5
514 silly gunzTarPerm extractEntry test/parse-cases/strings/multi-line-string.json5
515 silly gunzTarPerm extractEntry test/parse-cases/strings/single-quoted-string.json5
516 silly gunzTarPerm extractEntry test/parse-cases/strings/unescaped-multi-line-string.txt
517 silly gunzTarPerm extractEntry test/parse-cases/todo/unicode-escaped-unquoted-key.json5
518 silly gunzTarPerm extractEntry test/parse-cases/todo/unicode-unquoted-key.json5
519 silly gunzTarPerm extractEntry test/readme.md
520 verbose write writing to /Users/huntbao/phosphorus/node_modules/sass-loader/node_modules/loader-utils/node_modules/big.js/package.json
521 info preinstall big.js@3.1.3
522 verbose readDependencies loading dependencies from /Users/huntbao/phosphorus/node_modules/sass-loader/node_modules/loader-utils/node_modules/big.js/package.json
523 verbose readDependencies loading dependencies from /Users/huntbao/phosphorus/node_modules/sass-loader/node_modules/loader-utils/node_modules/big.js/package.json
524 silly install resolved []
525 verbose about to build /Users/huntbao/phosphorus/node_modules/sass-loader/node_modules/loader-utils/node_modules/big.js
526 info build /Users/huntbao/phosphorus/node_modules/sass-loader/node_modules/loader-utils/node_modules/big.js
527 info linkStuff big.js@3.1.3
528 silly linkStuff big.js@3.1.3 has /Users/huntbao/phosphorus/node_modules/sass-loader/node_modules/loader-utils/node_modules as its parent node_modules
529 verbose linkBins big.js@3.1.3
530 verbose linkMans big.js@3.1.3
531 verbose rebuildBundles big.js@3.1.3
532 info install big.js@3.1.3
533 info postinstall big.js@3.1.3
534 verbose unlock done using /Users/huntbao/.npm/_locks/big-js-70a6a8497043e824.lock for /Users/huntbao/phosphorus/node_modules/sass-loader/node_modules/loader-utils/node_modules/big.js
535 verbose write writing to /Users/huntbao/phosphorus/node_modules/sass-loader/node_modules/loader-utils/node_modules/json5/package.json
536 info preinstall json5@0.4.0
537 verbose readDependencies loading dependencies from /Users/huntbao/phosphorus/node_modules/sass-loader/node_modules/loader-utils/node_modules/json5/package.json
538 verbose readDependencies loading dependencies from /Users/huntbao/phosphorus/node_modules/sass-loader/node_modules/loader-utils/node_modules/json5/package.json
539 silly install resolved []
540 verbose about to build /Users/huntbao/phosphorus/node_modules/sass-loader/node_modules/loader-utils/node_modules/json5
541 info build /Users/huntbao/phosphorus/node_modules/sass-loader/node_modules/loader-utils/node_modules/json5
542 info linkStuff json5@0.4.0
543 silly linkStuff json5@0.4.0 has /Users/huntbao/phosphorus/node_modules/sass-loader/node_modules/loader-utils/node_modules as its parent node_modules
544 verbose linkBins json5@0.4.0
545 verbose link bins [ { json5: 'lib/cli.js' },
545 verbose link bins   '/Users/huntbao/phosphorus/node_modules/sass-loader/node_modules/loader-utils/node_modules/.bin',
545 verbose link bins   false ]
546 verbose linkMans json5@0.4.0
547 verbose rebuildBundles json5@0.4.0
548 silly gentlyRm /Users/huntbao/phosphorus/node_modules/sass-loader/node_modules/loader-utils/node_modules/.bin/json5 is being purged
549 verbose gentlyRm don't care about contents; nuking /Users/huntbao/phosphorus/node_modules/sass-loader/node_modules/loader-utils/node_modules/.bin/json5
550 info install json5@0.4.0
551 info postinstall json5@0.4.0
552 verbose unlock done using /Users/huntbao/.npm/_locks/json5-e9a59cfbd69cd8d5.lock for /Users/huntbao/phosphorus/node_modules/sass-loader/node_modules/loader-utils/node_modules/json5
553 verbose about to build /Users/huntbao/phosphorus/node_modules/sass-loader/node_modules/loader-utils
554 info build /Users/huntbao/phosphorus/node_modules/sass-loader/node_modules/loader-utils
555 info linkStuff loader-utils@0.2.11
556 silly linkStuff loader-utils@0.2.11 has /Users/huntbao/phosphorus/node_modules/sass-loader/node_modules as its parent node_modules
557 verbose linkBins loader-utils@0.2.11
558 verbose linkMans loader-utils@0.2.11
559 verbose rebuildBundles loader-utils@0.2.11
560 verbose rebuildBundles [ '.bin', 'big.js', 'json5' ]
561 info install loader-utils@0.2.11
562 info postinstall loader-utils@0.2.11
563 verbose unlock done using /Users/huntbao/.npm/_locks/loader-utils-8d68f5943ef98bb0.lock for /Users/huntbao/phosphorus/node_modules/sass-loader/node_modules/loader-utils
564 verbose about to build /Users/huntbao/phosphorus/node_modules/sass-loader
565 info build /Users/huntbao/phosphorus/node_modules/sass-loader
566 info linkStuff sass-loader@3.1.1
567 silly linkStuff sass-loader@3.1.1 has /Users/huntbao/phosphorus/node_modules as its parent node_modules
568 verbose linkBins sass-loader@3.1.1
569 verbose linkMans sass-loader@3.1.1
570 verbose rebuildBundles sass-loader@3.1.1
571 verbose rebuildBundles [ 'async', 'loader-utils', 'object-assign' ]
572 info install sass-loader@3.1.1
573 info postinstall sass-loader@3.1.1
574 verbose readDependencies loading dependencies from /Users/huntbao/phosphorus/package.json
575 verbose targetResolver reading package data from /Users/huntbao/phosphorus/node_modules/babel-core/package.json
576 verbose targetResolver reading package data from /Users/huntbao/phosphorus/node_modules/babel-loader/package.json
577 verbose targetResolver reading package data from /Users/huntbao/phosphorus/node_modules/brace/package.json
578 verbose targetResolver reading package data from /Users/huntbao/phosphorus/node_modules/classnames/package.json
579 verbose targetResolver reading package data from /Users/huntbao/phosphorus/node_modules/css-loader/package.json
580 verbose targetResolver reading package data from /Users/huntbao/phosphorus/node_modules/flux/package.json
581 verbose targetResolver reading package data from /Users/huntbao/phosphorus/node_modules/http-server/package.json
582 verbose targetResolver reading package data from /Users/huntbao/phosphorus/node_modules/icono/package.json
583 verbose targetResolver reading package data from /Users/huntbao/phosphorus/node_modules/keymirror/package.json
584 verbose targetResolver reading package data from /Users/huntbao/phosphorus/node_modules/less/package.json
585 verbose targetResolver reading package data from /Users/huntbao/phosphorus/node_modules/less-loader/package.json
586 verbose targetResolver reading package data from /Users/huntbao/phosphorus/node_modules/lodash/package.json
587 verbose targetResolver reading package data from /Users/huntbao/phosphorus/node_modules/node-sass/package.json
588 verbose targetResolver reading package data from /Users/huntbao/phosphorus/node_modules/react/package.json
589 verbose targetResolver reading package data from /Users/huntbao/phosphorus/node_modules/react-dom/package.json
590 verbose targetResolver reading package data from /Users/huntbao/phosphorus/node_modules/sass-loader/package.json
591 verbose targetResolver reading package data from /Users/huntbao/phosphorus/node_modules/style-loader/package.json
592 verbose targetResolver reading package data from /Users/huntbao/phosphorus/node_modules/stylus-loader/package.json
593 verbose targetResolver reading package data from /Users/huntbao/phosphorus/node_modules/webpack/package.json
594 verbose targetResolver reading package data from /Users/huntbao/phosphorus/node_modules/webpack-dev-server/package.json
595 verbose targetResolver reading package data from /Users/huntbao/phosphorus/node_modules/.bin/hs/package.json
596 verbose targetResolver reading package data from /Users/huntbao/phosphorus/node_modules/.bin/http-server/package.json
597 verbose targetResolver reading package data from /Users/huntbao/phosphorus/node_modules/.bin/lessc/package.json
598 verbose targetResolver reading package data from /Users/huntbao/phosphorus/node_modules/.bin/node-sass/package.json
599 verbose targetResolver reading package data from /Users/huntbao/phosphorus/node_modules/.bin/webpack/package.json
600 verbose targetResolver reading package data from /Users/huntbao/phosphorus/node_modules/.bin/webpack-dev-server/package.json
601 verbose already installed skipping webpack@^1.12.2 /Users/huntbao/phosphorus
602 silly install resolved []
603 verbose unlock done using /Users/huntbao/.npm/_locks/sass-loader-7e25fd25550cbd7d.lock for /Users/huntbao/phosphorus/node_modules/sass-loader
604 verbose validateInstall loading /Users/huntbao/phosphorus/package.json for validation
605 verbose stack Error: The package webpack@1.4.15 does not satisfy its siblings' peerDependencies requirements!
605 verbose stack     at /usr/local/lib/node_modules/npm/lib/install.js:125:32
605 verbose stack     at /usr/local/lib/node_modules/npm/lib/install.js:268:7
605 verbose stack     at /usr/local/lib/node_modules/npm/node_modules/read-installed/read-installed.js:142:5
605 verbose stack     at /usr/local/lib/node_modules/npm/node_modules/read-installed/read-installed.js:263:14
605 verbose stack     at cb (/usr/local/lib/node_modules/npm/node_modules/slide/lib/async-map.js:47:24)
605 verbose stack     at /usr/local/lib/node_modules/npm/node_modules/read-installed/read-installed.js:263:14
605 verbose stack     at cb (/usr/local/lib/node_modules/npm/node_modules/slide/lib/async-map.js:47:24)
605 verbose stack     at /usr/local/lib/node_modules/npm/node_modules/read-installed/read-installed.js:263:14
605 verbose stack     at cb (/usr/local/lib/node_modules/npm/node_modules/slide/lib/async-map.js:47:24)
605 verbose stack     at /usr/local/lib/node_modules/npm/node_modules/read-installed/read-installed.js:263:14
606 verbose cwd /Users/huntbao/phosphorus
607 error Darwin 15.0.0
608 error argv "/usr/local/bin/node" "/usr/local/bin/npm" "install" "sass-loader" "--save"
609 error node v4.0.0
610 error npm  v2.14.2
611 error code EPEERINVALID
612 error peerinvalid The package webpack@1.4.15 does not satisfy its siblings' peerDependencies requirements!
612 error peerinvalid Peer babel-loader@5.3.2 wants webpack@*
612 error peerinvalid Peer sass-loader@3.1.1 wants webpack@^1.12.2
612 error peerinvalid Peer webpack-dev-server@1.6.6 wants webpack@^1.3.0
613 verbose exit [ 1, true ]
